# t Temp Pres Epot Etot
0.000000 2.012576 29.420169 -2695.744304 -1186.312132
0.050000 2.005131 29.166761 -2717.553950 -1213.705612
0.100000 1.986656 28.179173 -2804.242364 -1314.250201
0.150000 2.017971 28.612733 -2771.062527 -1257.584054
0.200000 1.984535 29.084423 -2724.191184 -1235.790177
0.250000 2.010682 28.716537 -2760.141616 -1252.130326
0.300000 2.011246 28.607393 -2771.356101 -1262.921794
0.350000 1.968297 29.199458 -2711.004642 -1234.782160
0.400000 2.024244 27.771694 -2840.186580 -1322.003460
0.450000 1.997501 28.939555 -2741.405358 -1243.279644
0.500000 1.997236 28.511515 -2777.088737 -1279.161709
0.550000 1.978477 29.339001 -2704.502173 -1220.644168
0.600000 2.014429 29.872324 -2661.014171 -1150.192475
0.650000 1.989145 28.498120 -2778.718161 -1286.859564
0.700000 1.982879 28.049695 -2811.627486 -1324.468154
0.750000 2.017546 27.603422 -2858.123028 -1344.963862
0.800000 1.964941 29.590668 -2677.776292 -1204.070293
0.850000 2.012608 28.640375 -2768.448592 -1258.992736
0.900000 1.985802 29.214832 -2715.708361 -1226.356970
0.950000 2.003175 28.254034 -2800.014802 -1297.633532
1.000000 1.992273 29.270343 -2710.761968 -1216.557230
1.050000 2.008527 29.120839 -2722.237056 -1215.842044
1.100000 1.998351 28.236588 -2798.476475 -1299.712878
1.150000 1.988840 28.097863 -2809.933282 -1318.303522
1.200000 1.998822 29.135539 -2714.999268 -1215.882951
1.250000 1.998384 28.703974 -2758.990488 -1260.202180
1.300000 1.976917 28.803291 -2749.279647 -1266.591792
1.350000 1.997475 29.838670 -2656.501221 -1158.395222
1.400000 1.979945 28.652232 -2762.790326 -1277.831724
1.450000 2.022978 29.078137 -2726.971799 -1209.738351
1.500000 2.002638 28.596522 -2765.698899 -1263.720397
1.550000 1.982086 28.240143 -2797.624949 -1311.060785
1.600000 1.979503 29.914519 -2650.103130 -1165.475507
1.650000 2.013791 29.269625 -2712.605985 -1202.262444
1.700000 1.981987 28.754547 -2755.133013 -1268.642580
1.750000 2.005444 29.529946 -2684.117383 -1180.034751
1.800000 1.996559 29.819393 -2665.020798 -1167.601738
1.850000 2.021342 27.871357 -2829.786473 -1313.780085
1.900000 1.981950 29.272414 -2703.368050 -1216.905467
1.950000 1.992062 28.819953 -2748.906419 -1254.860238
2.000000 2.004354 28.786491 -2747.245486 -1243.980060
2.050000 2.008434 28.090096 -2815.100341 -1308.774537
2.100000 2.005319 28.809835 -2751.987548 -1247.998060
2.150000 2.008913 29.083354 -2726.548781 -1219.864240
2.200000 2.020623 29.256572 -2711.828692 -1196.361222
2.250000 1.980127 28.343629 -2787.268355 -1302.173028
2.300000 2.015189 29.030029 -2729.844541 -1218.452556
2.350000 1.992267 28.642425 -2760.238434 -1266.038349
2.400000 1.994965 28.534762 -2774.013621 -1277.789676
2.450000 2.007605 29.038153 -2729.222102 -1223.518270
2.500000 2.002082 29.350912 -2699.960964 -1198.399132
2.550000 2.001613 28.409125 -2782.318979 -1281.109182
2.600000 1.981334 28.833871 -2743.101279 -1257.101035
2.650000 2.012652 28.587580 -2766.676886 -1257.187837
2.700000 1.983849 28.561180 -2770.284014 -1282.397536
2.750000 1.992926 29.142953 -2718.652860 -1223.958462
2.800000 2.018055 28.154605 -2804.779447 -1291.238125
2.850000 1.989273 28.521550 -2771.648885 -1279.693873
2.900000 2.023482 29.431439 -2691.582487 -1173.970613
2.950000 1.998107 28.510421 -2776.118523 -1277.537945
3.000000 1.968767 29.515228 -2685.005408 -1208.429975
3.050000 2.019061 28.782633 -2753.961982 -1239.666579
3.100000 1.998721 29.359804 -2702.136087 -1203.095630
3.150000 2.006375 29.668350 -2673.057853 -1168.276914
3.200000 2.006542 28.359153 -2790.443160 -1285.536986
3.250000 1.995991 28.728955 -2758.704709 -1261.711471
3.300000 1.990223 29.604004 -2680.051904 -1187.384481
3.350000 2.007713 28.832606 -2748.650525 -1242.865716
3.400000 2.012567 28.828640 -2752.626445 -1243.201506
3.450000 1.988489 27.662343 -2846.806622 -1355.439500
3.500000 1.973228 28.756156 -2751.221410 -1271.300330
3.550000 2.029230 29.334304 -2705.072398 -1183.149835
3.600000 2.008787 29.200636 -2718.231007 -1211.640449
3.650000 1.989047 29.363385 -2699.444611 -1207.659071
3.700000 1.994892 29.082524 -2725.446311 -1229.277461
3.750000 2.012926 29.460804 -2698.503584 -1188.808922
3.800000 1.993870 28.394044 -2789.078395 -1293.675737
3.850000 2.015541 29.109446 -2724.411702 -1212.756028
3.900000 1.996823 28.790728 -2755.795679 -1258.178594
3.950000 2.012947 28.337543 -2793.698082 -1283.988138
4.000000 2.008299 29.175736 -2717.023912 -1210.799455
4.050000 1.977598 28.320410 -2787.697932 -1304.499718
4.100000 2.002144 29.160831 -2716.270716 -1214.662892
4.150000 1.985041 28.880376 -2745.506396 -1256.725793
4.200000 1.999711 28.712379 -2759.163122 -1259.379534
4.250000 1.986833 28.457788 -2782.403379 -1292.278733
4.300000 1.986459 28.262555 -2792.323800 -1302.479449
4.350000 1.989272 29.381689 -2699.818803 -1207.865074
4.400000 1.998321 28.416122 -2785.548572 -1286.807598
4.450000 1.974888 28.979888 -2730.383837 -1249.217757
4.500000 2.020680 28.842836 -2747.405591 -1231.895345
4.550000 1.979312 29.214766 -2708.594393 -1224.110646
4.600000 1.983445 28.710435 -2761.686422 -1274.102570
4.650000 2.009861 28.711418 -2755.269590 -1247.873980
4.700000 1.991523 28.313971 -2790.377596 -1296.735563
4.750000 1.992768 28.124371 -2809.625313 -1315.049315
4.800000 1.967271 29.481436 -2689.482094 -1214.029095
4.850000 1.997820 29.564556 -2682.363809 -1183.999016
4.900000 2.037234 28.667103 -2765.209153 -1237.283512
4.950000 2.013014 29.147964 -2716.881877 -1207.121701
5.000000 1.993113 28.352170 -2789.370411 -1294.535460
5.050000 1.995285 28.417315 -2780.982572 -1284.518780
5.100000 2.009162 28.632174 -2766.998986 -1260.127445
5.150000 2.006089 28.637892 -2761.270466 -1256.703974
5.200000 1.960616 28.326486 -2787.094866 -1316.632621
5.250000 1.996752 29.106040 -2718.762871 -1221.199089
5.300000 1.984523 29.409998 -2693.098951 -1204.706891
5.350000 1.997771 29.443576 -2692.222378 -1193.893934
5.400000 2.007761 28.576485 -2766.103974 -1260.283452
5.450000 1.995460 28.446245 -2775.490685 -1278.895522
5.500000 1.971397 27.947174 -2823.070417 -1344.522394
5.550000 2.017143 28.857702 -2748.611395 -1235.753837
5.600000 1.983572 29.126489 -2721.125491 -1233.446841
5.650000 1.988866 29.264186 -2709.529619 -1217.880222
5.700000 1.984639 29.166305 -2714.254824 -1225.775404
5.750000 2.000898 28.851179 -2745.400881 -1244.727034
5.800000 1.994568 29.244017 -2714.368536 -1218.442559
5.850000 2.028675 29.129958 -2723.161474 -1201.655187
5.900000 1.972117 28.126118 -2805.912786 -1326.825015
5.950000 2.007845 28.884146 -2742.112479 -1236.228587
6.000000 2.001193 28.023025 -2819.056777 -1318.162362
6.050000 1.998265 29.440824 -2693.904484 -1195.205952
6.100000 1.998202 29.546480 -2683.394616 -1184.742879
6.150000 2.024671 29.674181 -2676.810234 -1158.306907
6.200000 2.015242 27.917830 -2829.296743 -1317.865376
6.250000 1.978568 28.621320 -2762.099387 -1278.173693
6.300000 1.977345 28.567791 -2770.987444 -1287.978888
6.350000 2.026346 29.581107 -2687.970373 -1168.210777
6.400000 1.998111 28.812320 -2745.810512 -1247.227628
6.450000 2.017507 27.932090 -2826.719163 -1313.589207
6.500000 1.985217 28.676953 -2753.908120 -1264.995446
6.550000 1.959925 30.227223 -2623.925295 -1153.981796
6.600000 2.012417 30.288732 -2624.915671 -1115.603265
6.650000 2.005518 28.996258 -2731.429229 -1227.290644
6.700000 2.016596 27.304004 -2884.190717 -1371.743986
6.750000 1.990113 28.094423 -2810.505154 -1317.920137
6.800000 1.979425 29.374732 -2695.925810 -1211.356746
6.850000 2.014604 29.495996 -2689.884496 -1178.931409
6.900000 1.984813 29.353487 -2705.889606 -1217.280097
6.950000 2.011003 29.095915 -2723.065951 -1214.813716
7.000000 1.979308 28.950032 -2735.068341 -1250.587458
7.050000 2.006227 29.382508 -2700.184135 -1195.513640
7.100000 1.975179 28.890527 -2741.122372 -1259.738178
7.150000 1.978190 28.914960 -2742.576236 -1258.933687
7.200000 1.995777 29.167673 -2720.811916 -1223.978845
7.250000 2.008406 29.114861 -2724.826050 -1218.521193
7.300000 2.011054 28.252615 -2797.254749 -1288.964144
7.350000 1.981456 28.407744 -2785.509506 -1299.417501
7.400000 1.971326 29.059254 -2724.307061 -1245.812814
7.450000 1.995601 29.998005 -2650.621190 -1153.920328
7.500000 1.987711 17.378157 -2998.748311 -1507.965403
7.550000 1.998343 18.281039 -2917.191345 -1418.434065
7.600000 2.004035 18.048317 -2937.259824 -1434.233409
7.650000 1.970861 19.096138 -2845.858403 -1367.712465
7.700000 2.018485 17.622506 -2979.955789 -1466.091691
7.750000 2.012192 17.481908 -2985.642149 -1476.498491
7.800000 1.994277 17.216183 -3016.415412 -1520.707858
7.850000 2.002137 17.462144 -2990.512277 -1488.909490
7.900000 2.001730 17.427801 -2993.402867 -1492.105739
7.950000 1.994534 17.035593 -3032.828537 -1536.928265
8.000000 2.016135 18.044024 -2935.091195 -1422.989789
8.050000 1.973105 18.259719 -2910.329674 -1430.500728
8.100000 2.005155 18.000491 -2945.529216 -1441.662750
8.150000 2.021398 17.828978 -2954.224507 -1438.175912
8.200000 1.990942 17.392466 -2998.501449 -1505.294687
8.250000 2.003707 17.951905 -2948.591677 -1445.811350
8.300000 1.991121 17.978015 -2941.986682 -1448.646054
8.350000 2.007806 17.364555 -2997.591250 -1491.736533
8.400000 1.971460 17.728243 -2967.351768 -1488.756417
8.450000 2.012818 17.599012 -2983.309559 -1473.696338
8.500000 1.993049 17.784222 -2959.792694 -1465.005922
8.550000 2.015450 18.405277 -2908.496767 -1396.909096
8.600000 2.001574 18.644484 -2885.169680 -1383.989079
8.650000 1.998056 18.198057 -2923.108636 -1424.566656
8.700000 2.013049 18.017568 -2936.697663 -1426.910932
8.750000 1.977097 17.385683 -2995.572419 -1512.749443
8.800000 2.010873 17.842264 -2960.140568 -1451.985969
8.850000 2.009396 18.184345 -2919.842163 -1412.794903
8.900000 2.014403 17.263077 -3010.162429 -1499.359943
8.950000 1.973071 17.281026 -3005.335890 -1525.532422
9.000000 1.997904 17.906136 -2948.120077 -1449.692078
9.050000 2.011530 16.831545 -3045.607368 -1536.959931
9.100000 1.997133 17.463183 -2985.318807 -1487.469221
9.150000 1.981374 17.459887 -2989.771547 -1503.741410
9.200000 2.006410 17.370884 -3007.593971 -1502.786839
9.250000 2.012447 17.480836 -2993.356602 -1484.021295
9.300000 1.985016 17.837585 -2956.288671 -1467.526708
9.350000 2.011981 18.361572 -2912.458904 -1403.472973
9.400000 2.000180 16.790393 -3055.863260 -1555.728617
9.450000 1.990292 17.266232 -3008.911337 -1516.192698
9.500000 1.985950 17.555160 -2985.101092 -1495.638494
9.550000 2.016927 18.467725 -2895.437933 -1382.742422
9.600000 1.999880 18.092758 -2930.869652 -1430.959546
9.650000 2.001362 18.140990 -2930.725032 -1429.703766
9.700000 2.015221 18.143265 -2931.614282 -1420.198374
9.750000 2.012885 17.813019 -2959.914567 -1450.250529
9.800000 2.005936 17.496089 -2990.496228 -1486.044082
9.850000 1.984050 17.347688 -3004.346129 -1516.308582
9.900000 1.999241 17.343251 -3000.690976 -1501.260384
9.950000 2.008912 18.449959 -2895.178753 -1388.494490
10.000000 2.000167 17.896362 -2956.732302 -1456.607031
10.050000 2.002481 16.874935 -3047.869639 -1546.009176
10.100000 1.987752 18.261283 -2912.565978 -1421.752346
10.150000 2.001330 17.851681 -2956.397061 -1455.399442
10.200000 1.995997 17.186907 -3011.137445 -1514.139830
10.250000 1.969893 17.710189 -2969.537673 -1492.118291
10.300000 2.002061 17.783868 -2967.247194 -1465.701579
10.350000 2.015032 18.813183 -2868.802638 -1357.528547
10.400000 1.998498 17.608032 -2978.381778 -1479.508280
10.450000 1.998762 17.454602 -2996.930644 -1497.859473
10.500000 2.018566 18.210455 -2931.019282 -1417.094781
10.550000 1.987359 19.267103 -2823.782165 -1333.263113
10.600000 2.005876 18.324984 -2910.492321 -1406.085210
10.650000 1.986981 17.697896 -2966.286138 -1476.050288
10.700000 2.023205 17.279889 -3015.651344 -1498.247259
10.750000 2.003526 17.144896 -3013.357314 -1510.712915
10.800000 1.994119 18.034563 -2936.628427 -1441.038996
10.850000 1.995996 18.158395 -2922.111800 -1425.115163
10.900000 2.014999 17.674430 -2967.555156 -1456.306094
10.950000 2.004962 17.257931 -3011.151395 -1507.429851
11.000000 1.972716 18.234197 -2917.755894 -1438.218547
11.050000 2.035553 17.946850 -2950.164289 -1423.499766
11.100000 2.002212 17.247109 -3010.509573 -1508.850826
11.150000 1.986123 17.387402 -2994.198531 -1504.605971
11.200000 1.996932 18.289216 -2914.651859 -1416.952788
11.250000 2.008379 18.173884 -2923.567144 -1417.283095
11.300000 2.002372 16.866515 -3048.311723 -1546.532633
11.350000 1.995840 17.837020 -2955.194265 -1458.314291
11.400000 2.007662 17.798183 -2964.934141 -1459.187645
11.450000 1.987665 17.700927 -2975.395007 -1484.646599
11.500000 2.000161 18.022064 -2938.011886 -1437.891010
11.550000 1.997149 17.428067 -2996.442633 -1498.581021
11.600000 1.976790 18.720641 -2880.233764 -1397.641346
11.650000 1.996649 17.953458 -2953.872279 -1456.385688
11.700000 2.026223 18.254775 -2925.116337 -1405.448728
11.750000 1.990311 17.403806 -2997.792993 -1505.059375
11.800000 2.000697 17.670752 -2976.563703 -1476.040822
11.850000 1.999384 17.535049 -2988.183609 -1488.645375
11.900000 1.984076 18.172246 -2929.661236 -1441.604227
11.950000 1.983399 18.421816 -2902.978282 -1415.429004
12.000000 2.004475 18.720249 -2872.941729 -1369.585614
12.050000 2.023733 17.847552 -2960.919495 -1443.119991
12.100000 2.007983 17.344245 -3000.438618 -1494.451378
12.150000 1.997372 16.799633 -3055.335975 -1557.307296
12.200000 1.987839 17.891423 -2947.999265 -1457.119848
12.250000 1.995437 18.057976 -2939.409719 -1442.832005
12.300000 2.015509 18.667336 -2884.056972 -1372.425582
12.350000 1.988690 17.999886 -2943.647472 -1452.129834
12.400000 1.994625 18.343313 -2914.483487 -1418.515082
12.450000 2.006044 17.947633 -2954.422221 -1449.889238
12.500000 2.012553 17.338159 -3007.509414 -1498.094357
12.550000 1.987870 17.201315 -3012.343527 -1521.440986
12.600000 2.003513 17.473783 -2992.388682 -1489.753760
12.650000 1.997036 17.033679 -3027.155041 -1529.377712
12.700000 1.972323 18.174036 -2920.109090 -1440.867205
12.750000 1.983808 18.507080 -2898.587787 -1410.731883
12.800000 1.999641 17.924274 -2955.392243 -1455.661813
12.850000 2.021059 17.883124 -2956.690920 -1440.896940
12.900000 1.989503 18.484118 -2901.365143 -1409.237965
12.950000 2.009334 18.748036 -2876.271430 -1369.270780
13.000000 2.002448 18.510833 -2891.835323 -1389.998960
13.050000 2.016404 16.264154 -3104.894954 -1592.591974
13.100000 1.972340 16.923912 -3043.295800 -1564.041166
13.150000 1.984404 18.760599 -2866.563414 -1378.260775
13.200000 2.011062 18.629462 -2887.414141 -1379.117858
13.250000 2.011228 18.536725 -2892.542192 -1384.120892
13.300000 2.012852 18.068596 -2938.126733 -1428.487741
13.350000 2.013877 17.140569 -3019.644368 -1509.236459
13.400000 2.007262 16.084064 -3114.994144 -1609.547481
13.450000 1.978421 17.478446 -2982.968916 -1499.153240
13.500000 1.984780 17.763269 -2966.115041 -1477.529955
13.550000 2.002532 17.600172 -2984.907448 -1483.008388
13.600000 1.989693 17.779938 -2964.498147 -1472.228549
13.650000 1.997927 17.796230 -2961.707007 -1463.261428
13.700000 2.008466 17.771265 -2961.447380 -1455.097687
13.750000 1.978157 17.807018 -2959.852038 -1476.234112
13.800000 1.978570 17.981951 -2939.924476 -1455.997208
13.850000 1.990163 17.923789 -2953.438837 -1460.816896
13.900000 2.005455 17.980009 -2945.481202 -1441.390025
13.950000 1.983814 18.544083 -2889.208374 -1401.348239
14.000000 2.022786 17.811159 -2963.397251 -1446.307561
14.050000 2.000452 17.318602 -3003.790845 -1503.451578
14.100000 2.024097 16.622612 -3075.396312 -1557.323559
14.150000 1.995112 17.214295 -3015.105421 -1518.771345
14.200000 2.000546 18.022355 -2941.975509 -1441.566189
14.250000 2.005408 18.346279 -2910.222200 -1406.166445
14.300000 1.972303 18.129109 -2926.929576 -1447.701992
14.350000 2.016513 18.405703 -2901.587409 -1389.202893
14.400000 2.024099 17.663134 -2970.589769 -1452.515278
14.450000 2.001766 17.147437 -3017.202575 -1515.878078
14.500000 1.992320 17.753504 -2964.664765 -1470.424593
14.550000 2.015130 17.896203 -2949.452850 -1438.105298
14.600000 2.022765 18.085013 -2928.475674 -1411.401641
14.650000 1.987214 16.822384 -3046.485181 -1556.074979
14.700000 1.989612 17.937185 -2942.108792 -1449.899655
14.750000 2.006581 17.555132 -2980.127849 -1475.192107
14.800000 1.994072 17.639701 -2970.260068 -1474.706342
14.850000 2.024095 16.716940 -3056.827894 -1538.756491
14.900000 1.980210 17.437876 -2992.679156 -1507.521383
14.950000 1.994326 18.076228 -2935.426999 -1439.682297
15.000000 1.988216 15.639238 -2474.479578 -983.317395
15.050000 1.998013 14.576816 -2578.539827 -1080.030073
15.100000 1.981771 15.245252 -2511.885044 -1025.556769
15.150000 2.003888 15.374953 -2511.165484 -1008.249629
15.200000 1.995892 15.151203 -2528.806097 -1031.887378
15.250000 1.992438 15.297957 -2512.752280 -1018.424136
15.300000 2.017408 15.283471 -2520.245758 -1007.189504
15.350000 1.985650 14.921063 -2559.705261 -1070.467407
15.400000 2.023979 14.740922 -2580.631932 -1062.647410
15.450000 1.985731 15.289586 -2513.967086 -1024.668633
15.500000 2.008955 15.245587 -2522.400192 -1015.683698
15.550000 1.997559 15.256606 -2513.075198 -1014.905999
15.600000 2.002709 14.349467 -2617.737465 -1115.705556
15.650000 1.998462 14.512280 -2599.458091 -1100.611227
15.700000 1.994220 14.877029 -2562.000441 -1066.335748
15.750000 2.021647 15.525255 -2497.318028 -981.082849
15.800000 1.993574 15.180217 -2531.284614 -1036.103840
15.850000 1.998386 15.216916 -2526.652660 -1027.863177
15.900000 2.017749 15.912794 -2455.090097 -941.778511
15.950000 1.994738 15.556702 -2487.954774 -991.901554
16.000000 2.019692 14.427075 -2603.860406 -1089.091280
16.050000 1.991337 14.521137 -2598.461443 -1104.958736
16.100000 1.996110 14.881237 -2561.523246 -1064.440721
16.150000 1.986474 15.067252 -2532.890820 -1043.035304
16.200000 2.003687 14.924904 -2552.501618 -1049.736158
16.250000 1.997316 15.965607 -2451.578712 -953.591881
16.300000 2.004680 15.659545 -2482.559115 -979.049330
16.350000 1.997052 15.465206 -2499.487658 -1001.698575
16.400000 2.014323 14.660055 -2579.476215 -1068.733705
16.450000 1.997654 14.223285 -2624.572676 -1126.332300
16.500000 1.985372 14.974449 -2555.447481 -1066.418844
16.550000 1.956297 15.589134 -2479.719195 -1012.496575
16.600000 1.978425 15.463168 -2491.227199 -1007.408651
16.650000 2.014618 14.744604 -2571.575647 -1060.611927
16.700000 1.986231 15.148580 -2536.451870 -1046.778474
16.750000 2.007707 15.255284 -2528.843247 -1023.063183
16.800000 2.005895 15.246365 -2526.905930 -1022.484330
16.850000 2.004571 15.392213 -2511.285275 -1007.857256
16.900000 1.989602 15.595129 -2497.971057 -1005.769357
16.950000 2.001342 14.918736 -2561.974153 -1060.967871
17.000000 1.997991 15.455948 -2500.531536 -1002.038044
17.050000 2.012908 13.997034 -2643.902628 -1134.221551
17.100000 2.000119 14.377158 -2598.722052 -1098.632698
17.150000 1.991558 15.025646 -2540.654061 -1046.985732
17.200000 1.998481 14.770506 -2563.589637 -1064.728838
17.250000 1.992272 15.002200 -2543.482339 -1049.277976
17.300000 2.002910 15.000901 -2544.703645 -1042.521073
17.350000 2.015589 15.104199 -2535.332982 -1023.640958
17.400000 2.005795 15.571322 -2487.176961 -982.831001
17.450000 1.985657 15.637820 -2482.716315 -993.473498
17.500000 1.992329 15.601554 -2482.371694 -988.125061
17.550000 2.011773 15.194392 -2519.380076 -1010.550463
17.600000 1.989935 15.244897 -2516.098626 -1023.647046
17.650000 1.988658 15.858931 -2448.391912 -956.898531
17.700000 2.007378 15.322799 -2510.586819 -1005.053043
17.750000 1.995343 15.097422 -2533.762739 -1037.255328
17.800000 1.986715 15.363989 -2505.641719 -1015.605752
17.850000 1.987084 15.230436 -2530.961681 -1040.648597
17.900000 2.014162 15.599775 -2493.646710 -983.024872
17.950000 2.002950 15.539066 -2488.961203 -986.748705
18.000000 2.030580 14.948716 -2547.536118 -1024.601369
18.050000 1.974214 15.282247 -2513.826194 -1033.165824
18.100000 1.996620 15.466569 -2494.167429 -996.702077
18.150000 1.999472 15.144608 -2537.530882 -1037.927232
18.200000 2.004384 15.423747 -2507.524333 -1004.236574
18.250000 1.996892 16.619365 -2382.981639 -885.312691
18.300000 2.019489 15.654954 -2484.893034 -970.276658
18.350000 2.006946 16.036947 -2442.516794 -937.307021
18.400000 1.996531 14.913245 -2556.603209 -1059.204959
18.450000 1.984050 15.270509 -2529.562460 -1041.524694
18.500000 2.004915 15.215000 -2535.795194 -1032.108611
18.550000 1.998439 15.377792 -2517.138430 -1018.308925
18.600000 2.028116 15.190566 -2523.214664 -1002.127604
18.650000 2.009967 15.560780 -2488.435185 -980.960275
18.700000 1.985852 15.799452 -2458.876428 -969.487352
18.750000 1.991561 14.447188 -2600.966440 -1107.295319
18.800000 2.005661 15.084551 -2537.976434 -1033.730975
18.850000 2.002709 15.449419 -2501.435726 -999.404224
18.900000 2.008329 15.151309 -2533.295332 -1027.048870
18.950000 1.983160 15.406634 -2502.652919 -1015.283246
19.000000 2.002511 15.537801 -2493.561473 -991.678471
19.050000 1.986488 15.432700 -2493.124932 -1003.259258
19.100000 2.031065 15.179993 -2528.846132 -1005.547574
19.150000 2.014201 15.766093 -2465.742955 -955.092158
19.200000 1.996122 16.051515 -2442.723741 -945.632399
19.250000 1.988489 16.491613 -2393.994534 -902.627428
19.300000 2.014367 15.226495 -2526.262081 -1015.486516
19.350000 1.982114 15.342917 -2510.188114 -1023.602295
19.400000 2.022624 15.202937 -2528.304139 -1011.335864
19.450000 1.976615 15.931877 -2442.024835 -959.563538
19.500000 1.998793 15.727481 -2473.290005 -974.195094
19.550000 1.996589 15.244250 -2523.941558 -1026.500126
19.600000 1.996429 14.762679 -2567.367460 -1070.045600
19.650000 2.007862 14.941544 -2554.655463 -1048.759166
19.700000 2.002977 14.793086 -2567.843108 -1065.610373
19.750000 2.010459 14.667340 -2577.656219 -1069.811914
19.800000 2.011480 14.273750 -2614.840703 -1106.230957
19.850000 1.974200 14.806700 -2565.527278 -1084.877389
19.900000 2.016117 15.882833 -2461.646563 -949.558725
19.950000 2.001020 14.716458 -2578.095588 -1077.330889
20.000000 1.988700 15.128739 -2535.378283 -1043.853356
20.050000 1.999950 15.167620 -2534.149345 -1034.186699
20.100000 1.996782 14.981031 -2544.921285 -1047.335078
20.150000 2.008243 14.529135 -2583.105829 -1076.923761
20.200000 2.006535 14.474271 -2590.418491 -1085.517066
20.250000 1.990245 14.908937 -2548.151768 -1055.467874
20.300000 1.992280 15.139758 -2527.012749 -1032.802877
20.350000 2.033058 14.994746 -2547.950559 -1023.157323
20.400000 2.003950 14.508733 -2594.959386 -1091.997250
20.450000 1.991505 15.070671 -2532.511467 -1038.882882
20.500000 2.006500 15.424540 -2508.010668 -1003.135788
20.550000 1.995244 15.003765 -2557.574067 -1061.141020
20.600000 1.991210 14.567395 -2586.685614 -1093.277993
20.650000 2.003737 15.064929 -2532.181939 -1029.379277
20.700000 1.990027 15.637295 -2467.657240 -975.136807
20.750000 1.993164 15.216990 -2514.613279 -1019.740275
20.800000 2.000145 14.855446 -2561.167508 -1061.058833
20.850000 2.008440 14.696400 -2578.203765 -1071.874096
20.900000 2.020510 15.498690 -2492.851818 -977.469066
20.950000 1.971726 15.275575 -2509.813752 -1031.019261
21.000000 1.989386 14.805963 -2571.677165 -1079.637499
21.050000 2.009996 14.699952 -2582.045567 -1074.548560
21.100000 1.994088 14.694392 -2578.558064 -1082.992066
21.150000 1.985727 14.335551 -2610.559862 -1121.264391
21.200000 2.006170 14.096039 -2637.388058 -1132.760929
21.250000 1.978657 14.681215 -2576.853873 -1092.860874
21.300000 1.986292 15.129382 -2538.348073 -1048.629000
21.350000 2.011688 14.674386 -2576.236277 -1067.470318
21.400000 1.999157 14.898897 -2544.657883 -1045.290494
21.450000 2.001130 14.822086 -2555.793682 -1054.946152
21.500000 1.976066 15.349418 -2503.376826 -1021.327382
21.550000 2.007759 14.820863 -2566.045988 -1060.226643
21.600000 2.010086 15.780470 -2458.017052 -950.452925
21.650000 1.997760 15.145744 -2527.795708 -1029.475786
21.700000 2.007421 15.677462 -2476.272324 -970.706366
21.750000 1.988283 15.895072 -2450.963209 -959.750723
21.800000 2.002420 15.606403 -2482.576710 -980.761542
21.850000 2.010175 14.957672 -2551.897623 -1044.266276
21.900000 1.988567 14.310287 -2615.427650 -1124.002627
21.950000 2.008061 15.369308 -2509.581347 -1003.535955
22.000000 1.976972 15.604717 -2487.752438 -1005.023538
22.050000 1.994217 15.125801 -2539.876225 -1044.213333
22.100000 2.008732 15.571585 -2496.052754 -989.503726
22.150000 2.018000 15.577084 -2497.299353 -983.799123
22.200000 2.005954 14.885744 -2559.150705 -1054.685324
22.250000 1.984577 15.001110 -2539.845015 -1051.412405
22.300000 2.001009 15.014337 -2539.419497 -1038.663070
22.350000 1.997392 15.207426 -2527.247170 -1029.203201
22.400000 1.994364 14.844999 -2568.442918 -1072.669915
22.450000 2.013483 14.746439 -2573.026686 -1062.914209
22.500000 2.001878 9.168706 -2517.983251 -1016.574755
22.550000 2.010603 9.173828 -2516.711184 -1008.759077
22.600000 1.987877 9.510412 -2476.068364 -985.160609
22.650000 1.991683 9.352576 -2495.781799 -1002.019397
22.700000 2.005182 9.324066 -2498.484367 -994.598184
22.750000 1.990175 9.101343 -2519.483555 -1026.852059
22.800000 2.006225 8.973085 -2525.997996 -1021.329302
22.850000 1.998338 8.300287 -2589.212715 -1090.459183
22.900000 1.996901 9.118661 -2504.033678 -1006.358021
22.950000 2.008190 9.221353 -2509.684605 -1003.542222
23.000000 1.996071 9.111683 -2515.422953 -1018.369415
23.050000 2.000090 8.923133 -2527.415462 -1027.347684
23.100000 1.994087 8.194120 -2609.952534 -1114.387053
23.150000 1.994959 8.891738 -2533.721952 -1037.502743
23.200000 2.001647 9.627674 -2455.108965 -953.873954
23.250000 2.005111 9.058303 -2516.404061 -1012.571177
23.300000 1.999467 9.275323 -2487.197945 -987.597389
23.350000 1.992813 9.123875 -2509.531141 -1014.921550
23.400000 1.984990 9.635269 -2461.392611 -972.650085
23.450000 2.024949 9.750011 -2446.681255 -927.969376
23.500000 1.999812 8.518358 -2583.076516 -1083.217802
23.550000 1.989977 9.393704 -2490.014375 -997.531546
23.600000 2.006513 9.844576 -2446.577482 -941.692539
23.650000 2.011284 8.482728 -2592.574905 -1084.112213
23.700000 1.979538 8.880903 -2538.612578 -1053.959398
23.750000 1.985742 9.141045 -2522.827224 -1033.520549
23.800000 2.006296 9.704057 -2463.808644 -959.086458
23.850000 1.988322 9.032065 -2546.104313 -1054.863188
23.900000 2.000626 10.190756 -2424.174844 -923.705646
23.950000 2.006233 9.600982 -2481.825174 -977.150621
24.000000 2.000380 9.068754 -2524.943752 -1024.658585
24.050000 2.013609 8.710068 -2564.884423 -1054.677625
24.100000 1.999856 9.064514 -2523.811810 -1023.919612
24.150000 2.007040 8.615115 -2570.797076 -1065.517117
24.200000 2.000061 8.870265 -2536.209075 -1036.163571
24.250000 2.000988 8.446633 -2591.115186 -1090.374007
24.300000 2.003858 9.088282 -2530.202493 -1027.308896
24.350000 1.987638 9.422651 -2496.114908 -1005.386164
24.400000 1.992766 9.843922 -2449.072028 -954.497623
24.450000 2.017408 9.098922 -2532.376625 -1019.320470
24.500000 1.986826 9.169882 -2510.949864 -1020.830212
24.550000 2.013961 9.403229 -2485.600160 -975.129704
24.600000 2.012944 9.421225 -2488.828093 -979.119823
24.650000 1.965025 9.788294 -2445.878603 -972.109566
24.700000 2.023478 8.966242 -2533.180281 -1015.571837
24.750000 1.999522 9.164320 -2506.169971 -1006.528237
24.800000 2.010537 9.208753 -2506.704052 -998.801144
24.850000 2.003729 9.044075 -2523.072422 -1020.275305
24.900000 2.003465 8.621845 -2570.347263 -1067.748362
24.950000 1.980249 8.264781 -2603.744787 -1118.558060
25.000000 2.024434 8.973204 -2531.241084 -1012.915663
25.050000 1.988484 8.663027 -2567.169588 -1075.806224
25.100000 2.017241 9.332330 -2488.044537 -975.113422
25.150000 1.993699 8.583381 -2580.378283 -1085.103969
25.200000 1.993375 9.017073 -2529.810210 -1034.779215
25.250000 1.983103 9.249623 -2505.827736 -1018.500652
25.300000 2.005512 9.716108 -2454.626869 -950.493221
25.350000 1.997692 9.604870 -2462.993979 -964.725014
25.400000 2.013527 9.025814 -2529.925449 -1019.780288
25.450000 2.008910 8.781670 -2554.998023 -1048.315722
25.500000 1.991234 9.060678 -2520.877221 -1027.451718
25.550000 1.986844 9.503654 -2478.655902 -988.523228
25.600000 2.021883 9.397355 -2492.913719 -976.501506
25.650000 1.990828 8.898453 -2531.485589 -1038.364605
25.700000 1.985122 8.983167 -2524.953447 -1036.112204
25.750000 1.989304 9.301063 -2494.170684 -1002.193033
25.800000 2.012504 9.314222 -2493.760414 -984.382244
25.850000 1.991196 9.127450 -2512.449619 -1019.052350
25.900000 1.996820 9.763354 -2440.190947 -942.576048
25.950000 1.994963 9.345974 -2490.555198 -994.333170
26.000000 2.005993 9.322776 -2490.501044 -986.006199
26.050000 1.984716 8.938112 -2529.492476 -1040.955154
26.100000 2.002167 9.527444 -2464.643615 -963.018370
26.150000 2.008343 8.629776 -2568.516377 -1062.259496
26.200000 2.001156 8.733368 -2553.495272 -1052.628180
26.250000 2.023156 8.999121 -2524.596428 -1007.229646
26.300000 1.992670 9.092933 -2508.518178 -1014.015823
26.350000 1.996071 9.255263 -2494.890121 -997.836875
26.400000 1.998918 9.395742 -2477.137762 -977.949518
26.450000 1.991881 9.145963 -2515.370384 -1021.459579
26.500000 2.000013 9.167294 -2524.250644 -1024.240569
26.550000 1.999835 9.040057 -2529.660509 -1029.784527
26.600000 1.999011 9.129665 -2514.349764 -1015.091813
26.650000 2.006637 8.890674 -2547.908061 -1042.930122
26.700000 1.999813 8.693325 -2575.071736 -1075.212126
26.750000 1.982133 9.584598 -2471.211457 -984.611527
26.800000 2.004844 9.183883 -2511.593882 -1007.961126
26.850000 1.987918 9.243799 -2506.468740 -1015.530084
26.900000 2.006300 9.322406 -2499.415850 -994.691184
26.950000 2.013014 9.055875 -2516.711062 -1006.950269
27.000000 1.976258 9.318380 -2495.158775 -1012.965457
27.050000 2.019232 9.196316 -2509.306918 -994.882636
27.100000 2.002345 9.005960 -2521.876702 -1020.117887
27.150000 1.997502 8.705164 -2555.166492 -1057.039788
27.200000 1.992864 9.192537 -2508.317679 -1013.669490
27.250000 2.012432 9.325786 -2504.754827 -995.430901
27.300000 1.990889 9.441312 -2490.309769 -997.143380
27.350000 2.009435 9.518595 -2477.802084 -970.726152
27.400000 2.009026 8.779786 -2556.063565 -1049.293857
27.450000 2.014703 9.086338 -2514.977369 -1003.950071
27.500000 1.978607 9.142939 -2513.894734 -1029.939597
27.550000 1.995162 9.302395 -2505.247342 -1008.875983
27.600000 2.004505 8.738922 -2571.657142 -1068.278359
27.650000 2.005875 8.607954 -2582.840345 -1078.434129
27.700000 1.995548 8.992942 -2530.939151 -1034.278259
27.750000 1.998204 8.758756 -2553.450591 -1054.797217
27.800000 2.012275 8.787479 -2543.560804 -1034.354293
27.850000 2.002976 8.697428 -2557.275827 -1055.043878
27.900000 1.993586 9.235071 -2499.840006 -1004.650150
27.950000 1.990502 8.935892 -2522.988004 -1030.111623
28.000000 1.995799 8.617529 -2564.518377 -1067.668829
28.050000 1.990557 8.984603 -2531.048722 -1038.131167
28.100000 1.986988 9.524035 -2463.085269 -972.844098
28.150000 1.998381 9.138792 -2505.237111 -1006.451136
28.200000 2.007462 8.944400 -2533.555785 -1027.958927
28.250000 2.014893 9.042719 -2520.468279 -1009.298667
28.300000 2.000637 9.361038 -2478.965598 -978.487699
28.350000 1.999392 8.961332 -2529.932806 -1030.388989
28.400000 1.998762 9.533168 -2470.853827 -971.782655
28.450000 2.015850 9.042720 -2532.712512 -1020.824650
28.500000 1.998651 9.230777 -2502.148719 -1003.160820
28.550000 1.991358 8.977783 -2526.590097 -1033.071959
28.600000 1.993670 9.185637 -2513.401357 -1018.149099
28.650000 2.034867 9.217939 -2512.582850 -986.432354
28.700000 2.003892 8.320015 -2600.781985 -1097.863112
28.750000 1.999805 8.048439 -2624.625039 -1124.771554
28.800000 1.976757 8.126347 -2622.579359 -1140.011451
28.850000 1.989716 9.068005 -2514.150004 -1021.862715
28.900000 2.000738 9.362208 -2485.983366 -985.429558
28.950000 1.993957 8.723027 -2569.804757 -1074.336717
29.000000 2.011017 9.061098 -2527.405690 -1019.142742
29.050000 2.010213 8.922043 -2535.095318 -1027.435736
29.100000 2.000615 8.718259 -2568.325698 -1067.864479
29.150000 2.014708 9.627214 -2460.686039 -949.655412
29.200000 2.012406 9.563377 -2470.271722 -960.967193
29.250000 1.989125 9.305886 -2504.888871 -1013.045460
29.300000 2.014675 9.295011 -2501.836477 -990.830351
29.350000 2.011791 9.563952 -2456.805874 -947.962993
29.400000 1.984493 9.889769 -2421.044011 -932.673988
29.450000 1.997869 9.184288 -2508.506066 -1010.104431
29.500000 2.010066 9.284040 -2487.931800 -980.382324
29.550000 1.994581 9.289277 -2497.601985 -1001.666372
29.600000 2.001875 9.536177 -2478.395402 -976.989303
29.650000 2.023630 9.223574 -2511.742965 -994.020334
29.700000 1.998283 8.532869 -2580.931644 -1082.219043
29.750000 2.019656 8.914335 -2533.208202 -1018.466194
29.800000 1.995843 8.444971 -2589.583841 -1092.701786
29.850000 1.999179 9.048839 -2521.951673 -1022.567720
29.900000 1.983719 9.073536 -2523.198253 -1035.408793
29.950000 2.015040 8.842753 -2555.521324 -1044.241555
30.000000 1.998289 5.616082 -2354.503831 -855.787138
30.050000 2.020956 5.370873 -2380.369776 -864.652769
30.100000 2.000656 4.976685 -2414.360533 -913.868358
30.150000 2.011619 4.884621 -2418.372582 -909.658042
30.200000 1.999915 4.920882 -2418.857061 -918.920639
30.250000 1.994270 5.135944 -2391.563360 -895.861146
30.300000 1.992557 5.348795 -2356.654150 -862.236360
30.350000 1.985018 5.308160 -2363.214751 -874.451128
30.400000 1.998776 5.147957 -2385.985663 -886.903766
30.450000 1.995010 5.329703 -2362.190560 -865.932874
30.500000 2.013774 5.487482 -2349.004910 -838.674679
30.550000 1.979139 5.414529 -2364.546269 -880.191690
30.600000 2.012885 5.299660 -2385.092372 -875.428387
30.650000 2.013635 4.886279 -2426.532276 -916.306247
30.700000 1.991818 5.069030 -2405.349037 -911.485463
30.750000 2.010521 6.071420 -2292.078206 -784.187287
30.800000 2.012228 4.964673 -2422.638829 -913.467947
30.850000 1.979636 4.719862 -2448.159298 -963.431992
30.900000 2.006451 5.086537 -2417.174802 -912.336192
30.950000 1.993331 5.069131 -2425.888432 -930.890427
31.000000 1.992271 5.376431 -2383.065389 -888.862060
31.050000 1.994539 5.715107 -2336.246976 -840.342654
31.100000 2.009610 5.579441 -2353.686927 -846.479282
31.150000 2.004591 4.927695 -2432.157331 -928.713917
31.200000 1.993159 5.161655 -2396.845239 -901.975638
31.250000 2.020755 5.060003 -2413.280823 -897.714352
31.300000 1.996303 5.313708 -2385.781349 -888.554294
31.350000 2.007940 5.501828 -2351.733287 -845.778641
31.400000 1.980130 5.112447 -2396.701262 -911.604018
31.450000 2.009571 5.333627 -2375.307049 -868.128792
31.500000 1.990741 5.609023 -2339.712257 -846.656369
31.550000 1.994495 5.493204 -2358.132357 -862.261196
31.600000 2.001866 5.157706 -2398.236391 -896.837070
31.650000 1.988248 5.239238 -2389.195136 -898.008762
31.700000 2.005951 5.436433 -2370.551629 -866.088311
31.750000 2.014747 5.535821 -2353.486894 -842.426841
31.800000 1.992843 5.278109 -2376.578522 -881.946205
31.850000 1.992408 5.609000 -2326.689827 -832.383468
31.900000 2.005610 5.046057 -2404.014622 -899.807392
31.950000 1.988077 5.059503 -2410.192319 -919.134791
32.000000 2.014259 5.396215 -2367.645389 -856.950798
32.050000 2.009190 5.350950 -2365.994598 -859.101728
32.100000 2.006488 5.524132 -2342.744830 -837.878808
32.150000 2.009863 5.125711 -2403.002508 -895.605139
32.200000 2.009765 5.517370 -2365.340017 -858.015906
32.250000 1.989297 5.674886 -2348.474616 -856.501740
32.300000 2.017067 5.250808 -2398.289126 -885.488614
32.350000 2.006011 5.071378 -2408.591867 -904.083474
32.400000 1.997139 4.940601 -2417.629370 -919.774837
32.450000 1.993808 5.199159 -2381.981610 -886.625598
32.500000 1.990396 5.304958 -2374.827009 -882.030141
32.550000 1.985248 5.609595 -2338.243548 -849.307784
32.600000 1.992509 5.639958 -2340.936923 -846.555288
32.650000 2.010178 5.221689 -2395.835864 -888.202627
32.700000 2.003167 5.127124 -2413.017446 -910.641847
32.750000 1.993701 5.524070 -2358.874725 -863.599151
32.800000 2.007801 4.877816 -2420.974190 -915.123116
32.850000 2.000351 4.800141 -2425.492926 -925.229498
32.900000 1.988889 5.257163 -2384.506794 -892.840108
32.950000 2.002027 6.100737 -2283.769796 -782.249395
33.000000 2.002482 5.141415 -2396.474376 -894.612819
33.050000 1.995808 5.295128 -2369.795120 -872.939051
33.100000 2.006895 5.148855 -2387.430750 -882.259468
33.150000 1.994224 5.224284 -2384.103214 -888.435507
33.200000 1.996700 6.088044 -2288.159899 -790.635037
33.250000 2.008287 5.707092 -2334.618736 -828.403682
33.300000 1.985675 5.990669 -2285.224205 -795.967633
33.350000 1.997195 5.448893 -2353.528092 -855.632151
33.400000 2.008600 5.193928 -2387.299726 -880.849686
33.450000 2.001140 5.143721 -2393.646419 -892.791423
33.500000 1.996084 5.269971 -2378.960534 -881.897655
33.550000 1.997374 5.298277 -2375.873398 -877.842566
33.600000 1.997837 5.311129 -2377.225404 -878.847875
33.650000 1.999693 5.558658 -2355.676259 -855.906264
33.700000 2.011450 5.273062 -2397.864786 -889.277602
33.750000 1.991103 5.786036 -2324.932868 -831.605533
33.800000 1.989885 5.789326 -2314.804498 -822.391031
33.850000 1.983082 5.361745 -2372.194190 -884.882654
33.900000 2.005970 5.213626 -2388.879081 -884.401423
33.950000 2.002398 5.121335 -2397.807960 -896.009525
34.000000 1.998834 5.038811 -2402.190015 -903.064884
34.050000 1.983140 4.970151 -2411.084953 -923.729925
34.100000 1.997491 5.265441 -2379.384134 -881.265953
34.150000 1.997929 5.268165 -2386.213609 -887.767178
34.200000 1.994428 5.569608 -2354.198599 -858.377479
34.250000 2.012787 5.481189 -2367.061732 -857.471773
34.300000 1.991551 5.519705 -2359.669486 -866.005883
34.350000 2.014022 5.448983 -2367.213604 -856.696743
34.400000 1.992519 5.765890 -2333.023377 -838.633846
34.450000 1.992438 5.383035 -2387.394362 -893.065950
34.500000 2.022962 6.075363 -2299.222063 -782.000909
34.550000 2.004296 5.465735 -2372.793100 -869.571081
34.600000 1.996800 5.463576 -2366.072886 -868.473186
34.650000 2.001359 5.166649 -2405.830274 -904.811334
34.700000 1.997977 5.788776 -2326.801804 -828.319332
34.750000 1.996428 5.220876 -2391.003444 -893.682600
34.800000 2.005915 5.372862 -2369.407137 -864.970554
34.850000 1.990488 5.437804 -2363.442950 -870.576814
34.900000 1.983553 5.325966 -2386.274642 -898.610038
34.950000 2.023094 4.990508 -2425.250011 -907.929427
35.000000 1.998554 4.775288 -2438.002113 -939.086490
35.050000 1.992153 5.207621 -2379.179566 -885.065064
35.100000 2.005245 4.924320 -2411.111584 -907.178030
35.150000 1.986926 5.187734 -2378.204737 -888.010379
35.200000 2.005968 5.161420 -2390.763790 -886.288012
35.250000 1.999139 5.379255 -2367.734330 -868.380357
35.300000 2.006527 5.320244 -2380.806664 -875.911573
35.350000 1.995657 5.566962 -2352.736139 -855.993046
35.400000 1.999914 5.343280 -2380.359618 -880.424287
35.450000 1.987657 4.985703 -2424.870493 -934.128026
35.500000 2.015186 5.492995 -2366.953739 -855.564417
35.550000 2.001416 5.247302 -2404.923996 -903.861962
35.600000 2.009817 5.694371 -2345.406382 -838.043735
35.650000 2.003587 5.384475 -2389.359545 -886.668948
35.700000 2.009281 5.480132 -2380.860882 -873.899759
35.750000 2.002061 5.157705 -2409.935389 -908.389500
35.800000 1.999202 4.596225 -2470.014649 -970.613328
35.850000 1.991252 4.922035 -2420.962335 -927.523271
35.900000 1.973780 5.542158 -2340.436378 -860.101425
35.950000 2.014870 5.068271 -2393.429962 -882.277686
36.000000 1.996182 4.958253 -2402.402142 -905.265888
36.050000 2.001395 5.010380 -2409.305042 -908.258938
36.100000 2.007147 5.638232 -2337.343187 -831.983030
36.150000 2.020231 4.617815 -2456.227195 -941.054145
36.200000 1.972389 4.976648 -2413.699621 -934.408083
36.250000 2.007025 5.268701 -2386.614872 -881.346399
36.300000 1.998457 5.084155 -2408.025588 -909.183182
36.350000 2.014691 4.878247 -2430.505170 -919.486932
36.400000 1.990179 5.168972 -2385.977742 -893.343713
36.450000 2.005356 5.481766 -2349.158266 -845.141157
36.500000 2.004057 5.543969 -2342.141511 -839.098619
36.550000 1.997069 5.449393 -2356.504819 -858.702914
36.600000 2.013197 5.266778 -2376.168844 -866.271319
36.650000 1.986349 5.003580 -2405.155487 -915.393863
36.700000 1.996577 5.601288 -2334.404541 -836.971434
36.750000 2.011261 5.578110 -2349.573419 -841.127747
36.800000 1.989776 6.186750 -2275.337397 -783.005546
36.850000 1.997151 5.281922 -2386.532923 -888.669943
36.900000 1.998385 5.827789 -2314.455305 -815.666222
36.950000 2.015489 5.260180 -2379.194684 -867.577577
37.000000 1.997863 5.044245 -2396.577296 -898.180190
37.050000 1.996021 4.994142 -2397.222068 -900.206271
37.100000 2.000357 5.184763 -2378.059177 -877.791378
37.150000 1.990447 5.246140 -2371.250072 -878.415158
37.200000 2.002427 4.956039 -2414.529182 -912.708614
37.250000 1.987651 5.376907 -2369.647330 -878.909053
37.300000 2.005794 5.500613 -2360.712206 -856.366591
37.350000 2.013324 5.949439 -2304.426624 -794.433400
37.400000 2.002806 5.288913 -2385.094998 -882.990439
37.450000 1.985836 5.460468 -2357.299652 -867.922634
37.500000 2.001047 2.760597 -2221.192617 -720.407472
37.550000 1.992724 2.860675 -2196.651236 -702.108374
37.600000 1.995377 3.216591 -2132.528896 -635.996189
37.650000 1.980709 3.206221 -2126.888308 -641.356669
37.700000 1.996617 3.093802 -2146.545506 -649.082668
37.750000 2.008291 3.005652 -2163.273374 -657.055400
37.800000 1.993506 3.130160 -2149.258193 -654.128439
37.850000 2.012328 2.927349 -2167.608181 -658.362083
37.900000 1.997691 2.872986 -2158.763293 -660.495256
37.950000 2.012079 2.326591 -2235.211635 -726.152504
38.000000 1.992004 2.956061 -2140.488792 -646.485737
38.050000 2.004950 2.908999 -2153.088329 -649.376109
38.100000 1.999144 3.105557 -2135.023279 -635.665479
38.150000 2.013305 2.788311 -2176.532223 -666.553238
38.200000 1.992889 2.818399 -2169.277713 -674.611026
38.250000 2.000969 3.043166 -2141.186209 -640.459516
38.300000 1.996166 2.745415 -2179.429240 -682.304599
38.350000 2.002111 3.145943 -2120.047223 -618.463759
38.400000 2.016724 3.054114 -2141.402040 -628.858792
38.450000 1.985498 3.423022 -2094.267907 -605.144262
38.500000 2.001945 3.267285 -2118.401539 -616.942504
38.550000 1.996498 3.277270 -2124.664463 -627.291037
38.600000 2.012210 3.128250 -2154.408949 -645.251373
38.650000 2.002761 3.428221 -2117.138896 -615.068373
38.700000 2.004306 3.368337 -2124.695326 -621.466062
38.750000 1.990794 3.126353 -2149.396355 -656.301040
38.800000 1.986338 3.125085 -2143.509942 -653.756454
38.850000 2.006545 2.937616 -2169.027211 -664.118827
38.900000 1.987142 3.035035 -2152.111477 -661.755057
38.950000 1.995609 3.279155 -2114.738512 -618.031441
39.000000 2.009986 2.596253 -2209.976637 -702.486818
39.050000 1.972223 3.177926 -2130.234000 -651.066671
39.100000 2.017344 2.982668 -2162.154786 -649.146968
39.150000 1.980786 3.309255 -2111.815682 -626.226202
39.200000 2.007467 3.442019 -2093.543836 -587.943566
39.250000 1.993376 2.848979 -2169.232818 -674.201009
39.300000 2.000811 3.192166 -2129.097650 -628.489462
39.350000 1.995333 3.761978 -2054.925753 -558.426147
39.400000 1.999096 3.288842 -2121.900485 -622.578363
39.450000 2.011706 3.044703 -2147.038146 -638.258824
39.500000 2.008432 2.709492 -2189.405327 -683.081471
39.550000 1.974620 3.132559 -2138.297249 -657.331970
39.600000 2.012146 3.605995 -2080.448181 -571.338834
39.650000 1.994025 2.801451 -2184.605206 -689.086581
39.700000 2.008644 2.923643 -2161.438196 -654.955282
39.750000 1.995703 2.861034 -2171.443316 -674.666323
39.800000 1.995038 3.135788 -2146.615890 -650.337414
39.850000 2.005970 3.403713 -2111.580482 -607.103181
39.900000 2.002428 2.962026 -2173.343011 -671.521740
39.950000 1.994625 3.189864 -2134.380730 -638.412086
40.000000 2.002725 2.783301 -2186.232052 -684.187968
40.050000 1.996769 3.131083 -2122.912939 -625.336371
40.100000 2.002796 3.455488 -2082.315902 -580.218777
40.150000 2.006842 3.401640 -2113.692028 -608.560761
40.200000 1.997757 3.296762 -2132.288364 -633.970846
40.250000 2.020870 3.362685 -2111.127716 -595.474885
40.300000 2.006184 2.599303 -2201.999743 -697.361868
40.350000 1.984460 3.074404 -2130.418842 -642.073813
40.400000 2.005381 3.233600 -2108.978326 -604.942210
40.450000 2.012270 2.728541 -2175.648861 -666.446042
40.500000 1.995389 2.699844 -2174.421146 -677.879062
40.550000 1.990461 2.871871 -2157.777977 -664.932148
40.600000 1.993500 2.807823 -2171.933218 -676.808040
40.650000 2.002339 2.952716 -2160.401033 -658.646659
40.700000 2.001412 3.151118 -2135.651451 -634.592713
40.750000 2.004768 3.081244 -2145.719036 -642.142808
40.800000 2.002357 2.839483 -2179.541321 -677.773503
40.850000 1.991653 3.227901 -2129.891338 -636.151513
40.900000 2.013849 3.360480 -2115.941701 -605.554973
40.950000 2.005628 3.114066 -2145.036744 -640.816087
41.000000 2.013624 2.839900 -2182.857480 -672.639323
41.050000 1.994391 3.103716 -2147.389124 -651.595721
41.100000 1.998209 3.000746 -2167.241705 -668.585084
41.150000 2.000203 3.089277 -2153.231413 -653.079368
41.200000 1.980327 3.215613 -2124.715758 -639.470545
41.250000 2.003977 3.372559 -2103.089130 -600.106456
41.300000 2.001437 3.075427 -2155.433353 -654.355769
41.350000 1.987577 3.356662 -2123.979636 -633.296834
41.400000 2.002173 3.207290 -2146.351532 -644.722000
41.450000 2.001994 3.006799 -2162.869019 -661.373148
41.500000 2.006749 3.146515 -2142.030173 -636.968332
41.550000 1.991993 3.276827 -2127.739729 -633.744923
41.600000 2.010064 3.311435 -2124.316840 -616.768819
41.650000 2.008904 2.925414 -2171.782331 -665.104273
41.700000 1.998856 3.197442 -2133.492254 -634.350011
41.750000 2.017489 3.136381 -2139.804906 -626.688436
41.800000 1.990013 2.990498 -2152.194256 -659.684642
41.850000 2.010928 2.842953 -2174.744712 -666.548544
41.900000 1.994519 2.795395 -2176.116105 -680.226538
41.950000 1.974406 2.948350 -2159.579856 -678.775718
42.000000 2.008933 3.232996 -2117.868878 -611.169199
42.050000 1.995633 2.877240 -2161.436993 -664.712145
42.100000 2.005261 3.096882 -2123.910957 -619.965090
42.150000 1.994890 3.434572 -2077.219353 -581.051779
42.200000 2.002455 3.358559 -2087.448547 -585.607463
42.250000 1.999159 3.004880 -2136.753616 -637.384661
42.300000 2.015046 2.778504 -2177.221153 -665.936962
42.350000 1.975392 3.091407 -2132.742070 -651.198211
42.400000 1.995777 3.093893 -2132.283370 -635.450972
42.450000 1.999799 2.920277 -2153.548590 -653.699379
42.500000 2.001097 2.881235 -2152.568610 -651.746219
42.550000 2.004388 2.869219 -2160.691662 -657.401036
42.600000 1.989423 2.936082 -2159.010414 -666.942989
42.650000 1.997285 3.117511 -2130.887654 -632.923965
42.700000 1.996136 2.829888 -2165.677842 -668.575884
42.750000 1.985479 3.147058 -2116.959199 -627.850107
42.800000 2.023466 2.627848 -2197.216984 -679.617390
42.850000 1.993951 2.711535 -2187.886079 -692.422952
42.900000 1.998409 2.873420 -2176.159944 -677.353314
42.950000 2.002045 3.438347 -2103.023404 -601.489815
43.000000 1.990551 3.162112 -2162.932103 -670.019142
43.050000 2.009244 3.500765 -2117.530272 -610.596932
43.100000 1.987298 3.092645 -2164.853687 -674.380519
43.150000 2.011910 3.150986 -2155.188967 -646.256706
43.200000 1.995395 3.009064 -2170.986030 -674.440009
43.250000 1.998415 3.146553 -2153.920145 -655.109262
43.300000 2.002322 3.231393 -2138.534989 -636.793810
43.350000 1.995651 3.106773 -2142.127883 -645.389569
43.400000 1.996015 3.159798 -2112.704946 -615.693655
43.450000 2.008782 2.597495 -2183.743227 -677.156394
43.500000 1.988663 2.628230 -2182.996501 -691.499015
43.550000 1.995317 3.229386 -2120.373184 -623.885224
43.600000 1.998166 3.193691 -2145.135403 -646.511008
43.650000 2.004350 2.996712 -2179.263630 -676.001229
43.700000 2.010908 2.778017 -2199.487184 -691.306095
43.750000 1.996571 2.591833 -2216.149531 -718.721100
43.800000 1.996473 2.717161 -2201.025887 -703.671102
43.850000 1.974551 3.069947 -2158.348731 -677.435503
43.900000 2.002341 3.529342 -2111.730413 -609.974465
43.950000 2.000285 3.239359 -2152.376258 -652.162139
44.000000 2.010727 3.214870 -2147.225102 -639.179677
44.050000 1.994347 3.161910 -2144.263063 -648.502502
44.100000 2.000824 3.110949 -2155.894869 -655.276675
44.150000 2.006666 3.335270 -2130.810630 -625.810954
44.200000 2.001445 3.083327 -2173.332154 -672.248341
44.250000 1.996288 3.490571 -2110.382221 -613.166074
44.300000 2.014001 3.388568 -2123.680099 -613.179142
44.350000 2.006089 2.647955 -2212.401110 -707.834492
44.400000 1.989160 2.563506 -2211.750049 -719.880159
44.450000 1.998695 2.549482 -2206.057233 -707.035725
44.500000 2.000893 2.501309 -2197.649802 -696.979880
44.550000 1.997611 2.267334 -2224.542089 -726.333953
44.600000 1.991361 2.594287 -2186.524014 -693.003066
44.650000 2.004946 2.634673 -2193.827729 -690.118035
44.700000 2.004338 2.838078 -2162.964113 -659.710454
44.750000 1.992475 2.661512 -2190.227891 -695.871606
44.800000 1.995903 3.045898 -2148.799093 -651.871481
44.850000 2.007325 2.770089 -2187.569669 -682.075681
44.900000 1.996202 2.740990 -2183.832341 -686.681032
44.950000 2.008044 2.628303 -2200.150814 -694.118153
45.000000 1.998364 2.015457 -1837.025124 -338.251773
45.050000 2.001001 2.063435 -1841.454408 -340.703580
45.100000 2.001037 2.087322 -1843.389016 -342.611465
45.150000 1.989361 2.084403 -1836.023758 -344.003366
45.200000 2.018895 1.829213 -1863.193075 -349.021718
45.250000 2.007253 1.407449 -1922.407043 -416.967260
45.300000 1.990783 1.795372 -1867.625605 -374.538482
45.350000 1.998072 2.112291 -1817.373611 -318.819549
45.400000 2.007483 1.844843 -1863.988900 -358.376886
45.450000 1.995751 2.098722 -1814.733486 -317.920453
45.500000 2.003181 1.464686 -1912.239797 -409.853714
45.550000 1.996243 1.430869 -1916.649249 -419.466878
45.600000 2.000779 1.919926 -1836.176733 -335.592126
45.650000 1.989160 1.692624 -1877.711995 -385.842228
45.700000 2.005377 1.657077 -1884.495257 -380.462197
45.750000 1.998799 1.790815 -1857.459494 -358.360346
45.800000 1.996988 1.963261 -1826.458107 -328.717304
45.850000 2.005233 1.740323 -1854.338546 -350.413448
45.900000 2.006806 1.095848 -1944.319504 -439.214923
45.950000 1.999078 1.376537 -1895.725782 -396.417638
46.000000 1.994728 1.766929 -1847.214367 -351.168216
46.050000 2.002799 1.871838 -1851.707057 -349.607453
46.100000 2.004563 2.104586 -1816.544862 -313.122602
46.150000 2.000181 1.696868 -1877.377000 -377.241380
46.200000 2.008035 1.622554 -1884.088910 -378.062780
46.250000 1.993500 1.653573 -1875.943346 -380.818299
46.300000 1.998178 1.703577 -1870.073408 -371.440131
46.350000 1.995335 1.737845 -1870.557236 -374.056121
46.400000 2.003802 1.721472 -1884.902609 -382.050764
46.450000 1.993660 2.121725 -1824.922701 -329.677933
46.500000 2.006209 1.894103 -1868.170372 -363.513902
46.550000 1.996134 2.085657 -1840.328146 -343.227533
46.600000 2.008498 1.837414 -1881.991190 -375.617593
46.650000 1.999382 1.772984 -1893.366356 -393.829698
46.700000 2.001932 2.000576 -1846.590212 -345.141093
46.750000 2.001628 1.731225 -1881.550878 -380.329695
46.800000 1.992038 1.937500 -1849.706877 -355.678248
46.850000 1.999345 1.856254 -1867.954263 -368.445244
46.900000 1.995434 1.903650 -1853.026491 -356.450959
46.950000 2.000083 1.708328 -1887.465912 -387.403865
47.000000 1.999716 1.997311 -1837.851047 -338.064412
47.050000 2.007067 1.616246 -1893.105152 -387.805142
47.100000 2.001457 1.825541 -1849.822111 -348.729575
47.150000 2.008476 1.864838 -1837.556104 -331.198950
47.200000 1.998125 1.432372 -1905.905573 -407.311887
47.250000 1.996704 1.636048 -1877.109609 -379.581728
47.300000 2.007258 1.626761 -1885.577396 -380.133677
47.350000 1.989566 1.642450 -1886.666845 -394.492500
47.400000 1.986320 2.180436 -1810.439191 -320.698912
47.450000 2.001436 1.885548 -1859.728881 -358.652030
47.500000 2.002609 1.871442 -1855.026817 -353.069921
47.550000 1.990092 1.888850 -1855.347189 -362.778265
47.600000 2.005625 1.970450 -1840.973600 -336.754584
47.650000 1.997680 1.804799 -1861.370234 -363.110497
47.700000 1.997131 1.613702 -1894.694727 -396.846257
47.750000 1.988767 1.896440 -1848.902792 -357.327679
47.800000 2.006561 2.064717 -1820.321186 -315.400478
47.850000 1.999008 1.593312 -1895.266264 -396.009974
47.900000 2.001112 1.843558 -1856.870611 -356.036444
47.950000 1.997349 1.875786 -1856.075311 -358.063858
48.000000 2.014152 1.789403 -1871.749423 -361.135240
48.050000 1.986254 1.965711 -1843.284218 -353.593396
48.100000 2.006433 1.858463 -1867.364417 -362.539316
48.150000 1.996926 1.753983 -1876.450300 -378.755548
48.200000 1.996185 1.586429 -1895.946883 -398.808284
48.250000 2.008763 1.743945 -1870.111991 -363.539400
48.300000 1.998354 1.513425 -1903.489697 -404.724540
48.350000 2.002901 1.512157 -1903.107795 -400.932276
48.400000 1.999641 1.441942 -1921.237736 -421.507150
48.450000 1.995654 1.765118 -1878.431253 -381.690475
48.500000 1.992742 2.076668 -1836.532360 -341.975562
48.550000 2.008566 1.821764 -1881.481625 -375.056992
48.600000 1.996443 1.825573 -1877.064212 -379.731763
48.650000 1.999164 2.063010 -1841.989367 -342.616179
48.700000 2.000047 2.091116 -1837.219655 -337.184687
48.750000 2.000748 2.171730 -1818.920479 -318.359689
48.800000 2.007451 1.677305 -1891.658690 -386.070421
48.850000 1.997460 1.891524 -1853.222234 -355.127318
48.900000 2.002623 2.110217 -1827.618944 -325.651470
48.950000 2.010072 1.531786 -1919.960612 -412.406639
49.000000 1.992765 1.503782 -1921.796879 -427.223247
49.050000 2.007843 1.787539 -1878.255604 -372.373716
49.100000 2.014027 1.586697 -1904.185797 -393.665402
49.150000 2.012357 1.381346 -1924.398369 -415.130342
49.200000 1.987123 1.584728 -1896.038079 -405.695662
49.250000 2.002656 1.821850 -1872.362501 -370.370232
49.300000 2.000005 1.834667 -1879.008779 -379.004953
49.350000 2.007122 1.905720 -1862.581091 -357.239660
49.400000 2.001724 1.396650 -1940.028184 -438.735183
49.450000 2.000485 1.462124 -1936.589286 -436.225528
49.500000 1.991050 1.843784 -1887.296220 -394.009063
49.550000 2.009420 1.795739 -1893.147002 -386.081853
49.600000 2.004089 1.541344 -1923.634836 -420.567893
49.650000 1.992510 1.726346 -1885.725193 -391.342968
49.700000 1.999550 1.823388 -1872.482159 -372.819797
49.750000 1.990189 1.990188 -1847.510018 -354.868124
49.800000 2.007748 1.818453 -1881.726508 -375.915395
49.850000 1.995745 2.161403 -1823.084952 -326.275964
49.900000 1.993860 1.886917 -1878.327109 -382.931751
49.950000 1.999484 2.234199 -1818.324869 -318.712063
50.000000 2.003044 1.939316 -1848.875046 -346.592342
50.050000 2.004660 1.606439 -1885.624906 -382.129943
50.100000 1.990652 1.854275 -1845.700110 -352.710748
50.150000 2.013015 1.731160 -1872.765846 -363.004357
50.200000 2.000587 1.537019 -1900.777921 -400.338043
50.250000 1.999377 1.795652 -1850.387676 -350.855074
50.300000 1.995495 1.460131 -1902.465582 -405.844410
50.350000 2.003486 1.639723 -1877.934292 -375.319601
50.400000 1.982983 2.256484 -1785.306884 -298.069917
50.450000 2.012325 2.072924 -1816.445926 -307.202542
50.500000 2.013257 1.326752 -1922.801850 -412.859100
50.550000 1.980804 1.563916 -1887.979568 -402.376542
50.600000 1.998574 1.970164 -1843.118628 -344.188035
50.650000 2.000663 1.859282 -1868.092152 -367.595276
50.700000 1.998719 2.086084 -1829.407320 -330.368216
50.750000 1.997864 2.153456 -1812.827023 -314.429203
50.800000 2.007830 1.970276 -1839.394446 -333.522005
50.850000 1.996262 1.630867 -1888.970416 -391.774249
50.900000 2.001062 1.953117 -1827.677297 -326.880829
50.950000 2.008288 1.935942 -1829.406799 -323.190784
51.000000 2.003762 1.651752 -1868.106006 -365.284378
51.050000 2.000849 1.709296 -1860.636231 -359.999720
51.100000 2.000382 1.858499 -1844.916986 -344.630148
51.150000 2.008630 1.792762 -1854.860096 -348.387897
51.200000 2.002427 1.577328 -1888.458659 -386.638242
51.250000 1.995063 1.921259 -1839.886557 -343.588952
51.300000 2.001164 1.730604 -1871.707047 -370.834410
51.350000 1.998723 1.420397 -1917.694479 -418.652274
51.400000 2.008833 1.382792 -1927.082803 -420.458167
51.450000 1.995800 1.643169 -1894.045451 -397.195135
51.500000 1.991747 1.977408 -1850.448826 -356.638514
51.550000 1.984381 2.175447 -1827.995659 -339.710281
51.600000 2.013499 2.361075 -1796.348802 -286.224712
51.650000 2.008423 1.943064 -1851.899988 -345.582782
51.700000 2.002608 1.822158 -1855.607955 -353.651704
51.750000 2.002805 1.694441 -1871.539420 -369.435568
51.800000 1.991802 1.807130 -1859.023546 -365.171786
51.850000 2.004667 1.832363 -1858.817184 -355.316948
51.900000 2.007270 1.655617 -1887.439005 -381.986741
51.950000 1.991103 1.760578 -1874.874205 -381.547014
52.000000 1.996158 2.034360 -1833.678964 -336.560689
52.050000 2.007872 1.781196 -1874.083952 -368.180145
52.100000 1.999235 1.789264 -1867.053955 -367.627665
52.150000 2.009108 1.359935 -1940.069262 -433.238091
52.200000 1.994383 1.745874 -1873.984618 -378.197640
52.250000 1.992963 1.449863 -1923.717731 -428.995784
52.300000 1.999111 1.507754 -1912.254679 -412.921281
52.350000 1.992977 1.816776 -1857.190051 -362.457326
52.400000 2.003496 1.365050 -1930.614677 -427.992957
52.450000 1.989142 1.862626 -1850.549156 -358.692552
52.500000 1.991789 0.979144 -1603.578279 -109.736489
52.550000 2.003803 1.121271 -1572.353734 -69.501116
52.600000 1.999847 0.942685 -1596.008740 -96.123715
52.650000 1.999111 1.030542 -1574.293592 -74.960501
52.700000 1.994203 0.931708 -1595.388595 -99.736569
52.750000 2.001377 1.046310 -1579.947261 -78.914664
52.800000 2.000760 1.379592 -1516.763286 -16.193231
52.850000 1.986874 1.159855 -1570.364138 -80.208482
52.900000 1.992995 1.316578 -1543.809872 -49.063496
52.950000 2.001197 1.437124 -1518.117989 -17.220270
53.000000 2.010562 1.301561 -1531.652217 -23.730856
53.050000 2.002028 0.987265 -1571.720004 -70.199017
53.100000 1.994917 0.709220 -1622.277616 -126.089816
53.150000 2.009114 0.945694 -1580.181229 -73.345892
53.200000 1.997829 0.837043 -1607.034652 -108.662961
53.250000 2.003621 1.048038 -1576.071116 -73.355527
53.300000 2.003847 0.942513 -1600.103966 -97.218982
53.350000 1.994531 1.013182 -1588.555607 -92.657148
53.400000 1.998100 1.009077 -1602.444318 -103.869127
53.450000 2.006198 1.226106 -1566.145623 -61.496785
53.500000 2.010684 1.071328 -1588.033421 -80.020583
53.550000 1.998435 1.161587 -1558.485449 -59.659130
53.600000 1.995338 0.859997 -1610.249166 -113.745842
53.650000 2.003954 0.864087 -1599.223324 -96.258154
53.700000 1.982814 1.014318 -1563.871287 -76.760462
53.750000 2.013609 0.766097 -1610.095522 -99.888578
53.800000 1.997125 0.825812 -1582.733091 -84.889111
53.850000 1.987369 0.953189 -1562.630169 -72.103308
53.900000 1.997754 1.187983 -1526.354154 -28.038648
53.950000 2.001100 1.130240 -1547.784069 -46.959309
54.000000 1.999677 1.189906 -1540.972248 -41.214344
54.050000 2.009402 0.929753 -1589.744023 -82.692459
54.100000 2.001257 0.760141 -1621.174864 -120.231948
54.150000 2.002573 1.089845 -1566.786767 -64.856989
54.200000 1.996862 1.201013 -1548.321581 -50.675422
54.250000 2.003464 1.113808 -1571.704560 -69.106428
54.300000 1.997834 1.322809 -1532.619803 -34.244466
54.350000 1.994568 1.164744 -1564.158051 -68.232241
54.400000 2.018551 0.946940 -1601.812229 -87.898823
54.450000 1.991075 1.050984 -1568.751297 -75.445054
54.500000 2.006108 0.947969 -1586.295024 -81.714100
54.550000 2.003376 1.038705 -1565.987587 -63.455944
54.600000 1.991603 1.055748 -1567.080790 -73.378444
54.650000 1.998766 1.150651 -1553.956990 -54.882200
54.700000 2.002039 0.955008 -1593.141612 -91.612652
54.750000 1.994568 1.054240 -1578.883976 -82.957770
54.800000 1.998409 1.141705 -1572.165986 -73.359061
54.850000 2.004976 1.073693 -1590.383739 -86.652071
54.900000 2.007022 1.240517 -1552.631770 -47.365440
54.950000 1.994618 1.086106 -1576.756428 -80.793201
55.000000 2.014543 0.928617 -1597.075482 -86.168029
55.050000 1.990494 0.963611 -1591.162550 -98.292305
55.100000 1.991181 1.412454 -1514.747052 -21.361450
55.150000 2.011460 1.259179 -1543.608920 -35.013695
55.200000 2.000591 0.952640 -1592.592111 -92.148665
55.250000 1.999884 0.916244 -1595.769340 -95.856406
55.300000 2.011418 1.016576 -1577.108819 -68.545073
55.350000 1.990007 0.910929 -1601.321221 -108.815877
55.400000 1.986990 1.185537 -1555.420372 -65.177530
55.450000 1.996136 1.371140 -1520.919893 -23.817534
55.500000 1.996056 1.123412 -1579.577597 -82.535715
55.550000 2.007587 1.285460 -1559.029935 -53.339667
55.600000 2.000437 1.152901 -1582.679424 -82.351738
55.650000 2.001019 1.062902 -1597.319523 -96.555016
55.700000 2.002423 0.854736 -1639.606317 -137.789375
55.750000 1.992157 1.026687 -1606.376009 -112.258089
55.800000 2.004680 1.224805 -1566.712516 -63.202880
55.850000 1.995732 1.126661 -1580.801705 -84.002798
55.900000 2.001359 1.000358 -1605.233817 -104.214906
55.950000 1.989358 1.167880 -1575.507676 -83.489186
56.000000 2.006897 1.162655 -1576.114676 -70.941644
56.050000 1.999642 0.903969 -1615.619689 -115.888197
56.100000 1.997502 0.947518 -1598.996552 -100.869830
56.150000 2.003269 1.036215 -1590.075804 -87.623901
56.200000 1.999813 1.117750 -1576.031585 -76.171800
56.250000 1.999892 1.049325 -1588.220240 -88.301350
56.300000 2.000380 0.994580 -1596.850432 -96.565446
56.350000 1.993047 1.282352 -1539.259393 -44.474467
56.400000 2.006383 1.353522 -1520.044057 -15.257050
56.450000 1.997613 1.129290 -1558.595892 -60.385864
56.500000 1.999997 1.204950 -1544.658256 -44.660139
56.550000 2.001587 1.160166 -1548.773147 -47.582597
56.600000 2.006986 0.937141 -1585.901022 -80.661382
56.650000 1.994790 0.989759 -1571.108394 -75.015773
56.700000 2.001454 0.795464 -1609.593177 -108.502899
56.750000 1.995554 0.924569 -1587.879118 -91.213660
56.800000 2.001247 1.074434 -1564.866235 -63.930755
56.850000 1.992242 1.305620 -1523.822405 -29.641089
56.900000 2.004103 1.279813 -1544.307192 -41.229572
56.950000 2.008417 1.429562 -1528.681984 -22.369001
57.000000 2.001582 1.226185 -1573.185993 -71.999146
57.050000 1.998178 1.098655 -1596.012058 -97.378323
57.100000 2.004881 1.383988 -1534.527179 -30.866579
57.150000 2.001356 1.329608 -1536.728988 -35.712082
57.200000 2.000535 1.234656 -1537.443572 -37.042435
57.250000 2.007736 1.061566 -1558.578540 -52.776511
57.300000 1.993663 0.974689 -1579.024604 -83.777412
57.350000 2.005018 1.108962 -1558.490780 -54.727125
57.400000 1.989704 1.109694 -1563.788885 -71.511230
57.450000 2.012010 1.261490 -1542.692372 -33.684658
57.500000 2.003354 1.158900 -1564.394270 -61.878758
57.550000 1.991398 1.267857 -1541.569487 -48.020833
57.600000 2.009821 1.154920 -1563.135332 -55.769552
57.650000 1.985367 1.179992 -1556.249289 -67.223992
57.700000 2.009846 1.215107 -1551.509752 -44.125607
57.750000 2.010355 0.982242 -1597.844079 -90.077788
57.800000 1.996347 1.160381 -1570.600508 -73.340439
57.850000 2.004951 0.987271 -1612.147271 -108.433702
57.900000 2.000754 1.323917 -1548.499221 -47.934081
57.950000 1.996572 1.134197 -1586.345355 -88.916346
58.000000 2.001303 1.244640 -1563.851362 -62.874008
58.050000 1.994586 1.207010 -1574.903099 -78.963598
58.100000 1.996630 1.265101 -1570.337168 -72.864404
58.150000 2.002910 1.236348 -1580.757145 -78.574932
58.200000 1.997754 1.491087 -1520.240800 -21.925166
58.250000 1.998970 1.296093 -1541.736836 -42.509650
58.300000 2.007759 1.145013 -1557.375625 -51.556744
58.350000 1.992326 1.023291 -1574.907073 -80.662279
58.400000 1.995904 0.921723 -1586.515671 -89.587877
58.450000 2.010338 0.799291 -1599.256669 -91.503272
58.500000 1.991547 0.791960 -1608.742625 -115.082078
58.550000 1.991021 1.072869 -1582.987152 -89.721129
58.600000 1.995650 1.327662 -1554.933405 -58.195620
58.650000 2.000650 1.264784 -1571.175878 -70.688137
58.700000 2.010911 1.090639 -1598.336627 -90.153093
58.750000 1.993835 1.235017 -1554.874796 -59.498459
58.800000 2.003763 0.962290 -1607.436981 -104.614985
58.850000 1.984381 1.216826 -1558.301619 -70.015848
58.900000 2.006230 1.267241 -1559.879237 -55.206916
58.950000 2.001655 1.360342 -1541.801853 -40.560366
59.000000 2.000655 1.229666 -1569.609214 -69.118046
59.050000 2.004603 1.189167 -1572.808231 -69.355941
59.100000 2.002981 1.323907 -1536.841549 -34.605473
59.150000 1.991129 1.120755 -1571.994790 -78.647698
59.200000 2.014024 0.925141 -1600.122888 -89.604989
59.250000 1.990971 0.980248 -1582.949315 -89.721315
59.300000 2.010041 0.936406 -1594.518441 -86.987951
59.350000 1.986895 1.209323 -1547.021275 -56.850348
59.400000 1.999620 1.174292 -1562.019596 -62.304513
59.450000 1.995489 1.256480 -1548.267623 -51.651062
59.500000 2.000527 1.206292 -1552.307228 -51.912266
59.550000 2.000070 0.973336 -1586.006164 -85.953478
59.600000 2.005337 0.947052 -1583.423545 -79.421117
59.650000 1.999526 0.946668 -1585.010394 -85.365821
59.700000 2.005686 1.036123 -1574.055853 -69.791330
59.750000 2.008833 0.916880 -1599.199165 -92.574648
59.800000 1.992564 0.854773 -1618.411963 -123.988811
59.850000 2.005927 0.941923 -1606.656108 -102.210596
59.900000 1.993895 0.884282 -1620.799391 -125.378366
59.950000 1.997026 1.074708 -1591.244299 -93.474707
60.000000 1.995712 0.654792 -1277.602961 219.180692
60.050000 1.998147 0.705981 -1260.362714 238.247784
60.100000 2.005578 0.604641 -1285.325506 218.858120
60.150000 1.999407 0.741761 -1260.904945 238.650249
60.200000 2.000352 0.749358 -1266.465783 233.798060
60.250000 1.997278 0.686049 -1273.577675 224.380779
60.300000 2.004395 0.520366 -1304.094671 199.201865
60.350000 1.989304 0.641158 -1268.663877 223.314390
60.400000 1.993054 0.645672 -1271.802027 222.988485
60.450000 1.999176 0.735707 -1250.074858 249.306830
60.500000 1.997587 0.581568 -1291.612084 206.578358
60.550000 1.993244 0.931813 -1215.426778 279.505895
60.600000 2.007069 0.673586 -1280.237238 225.064388
60.650000 2.001094 0.596362 -1290.514316 210.306536
60.700000 1.996729 0.646331 -1282.271872 215.275190
60.750000 1.998653 0.875259 -1232.622498 266.367299
60.800000 1.996966 0.714481 -1267.874309 229.849841
60.850000 2.000990 0.646887 -1276.118641 224.623617
60.900000 1.990362 0.708281 -1257.112775 235.658957
60.950000 2.011679 0.657876 -1269.475558 239.283734
61.000000 2.001969 0.566117 -1292.167423 209.309609
61.050000 1.998740 0.737070 -1249.897112 249.157518
61.100000 2.004265 0.532137 -1294.282339 208.916179
61.150000 1.995970 0.574962 -1284.447423 212.529740
61.200000 2.002519 0.642831 -1271.251552 230.637366
61.250000 2.005505 0.593542 -1278.079129 226.049861
61.300000 1.997098 0.528570 -1291.296034 206.527315
61.350000 1.993116 0.676488 -1257.733649 237.102979
61.400000 1.994086 0.803294 -1229.550750 266.013419
61.450000 2.005779 0.695606 -1254.683766 249.650776
61.500000 1.992773 0.673221 -1263.659021 230.921081
61.550000 1.998348 0.797374 -1242.062048 256.698679
61.600000 2.004774 0.807940 -1238.301275 265.279318
61.650000 1.997300 0.663141 -1270.755185 227.219950
61.700000 2.001410 0.731160 -1255.446103 245.611426
61.750000 1.990313 0.637728 -1281.200541 211.534343
61.800000 2.010451 0.680586 -1272.213064 235.625261
61.850000 1.991990 0.594112 -1292.993128 200.999048
61.900000 2.012075 0.671880 -1275.058451 233.998093
61.950000 2.003008 0.648799 -1283.589485 218.666428
62.000000 1.993766 0.758101 -1263.781339 231.543101
62.050000 2.008765 0.612985 -1296.356995 210.217085
62.100000 2.000055 0.623661 -1286.789814 213.251450
62.150000 1.998440 0.747399 -1256.895961 241.934105
62.200000 2.006834 0.682268 -1273.871075 231.254074
62.250000 1.992238 0.680459 -1281.023591 213.154811
62.300000 2.008408 0.815176 -1257.488029 248.817652
62.350000 1.992314 0.833588 -1257.365266 236.870428
62.400000 1.992052 0.852979 -1258.489259 235.549665
62.450000 1.990033 1.097684 -1196.243199 296.281435
62.500000 2.014556 0.838416 -1247.517601 263.399418
62.550000 1.999570 0.685530 -1268.050902 231.626449
62.600000 1.995664 0.656832 -1271.250165 225.497496
62.650000 1.999187 0.700462 -1259.436960 239.953634
62.700000 1.992660 0.647915 -1268.499623 225.995639
62.750000 1.998337 0.592217 -1283.867474 214.885106
62.800000 2.005461 0.668214 -1266.128270 237.967275
62.850000 1.994770 0.682502 -1263.207082 232.870656
62.900000 2.002730 0.624527 -1276.730460 225.317342
62.950000 2.004137 0.521628 -1300.480521 202.622438
63.000000 1.992986 0.667837 -1276.185758 218.553879
63.050000 1.998187 0.833600 -1253.600413 245.040133
63.100000 2.003409 0.750892 -1278.733462 223.823325
63.150000 1.991462 0.789423 -1273.391152 220.205313
63.200000 2.009311 0.983012 -1231.680031 275.303150
63.250000 1.988411 0.762863 -1288.959684 202.348679
63.300000 1.998667 0.833512 -1276.722283 222.277628
63.350000 2.007581 0.857809 -1267.367849 238.317908
63.400000 1.999070 0.640788 -1311.356670 187.946116
63.450000 2.000639 0.702774 -1280.642923 219.836103
63.500000 1.997008 0.558596 -1304.050503 193.705321
63.550000 1.998549 0.680478 -1275.590042 223.321863
63.600000 1.997877 0.808305 -1251.946203 246.461261
63.650000 1.998864 0.955773 -1225.049545 274.098678
63.700000 2.002679 0.855845 -1242.231820 259.777646
63.750000 2.000162 0.557625 -1302.826440 197.295119
63.800000 1.995413 0.836193 -1237.284545 259.274890
63.850000 1.993929 0.899245 -1227.936840 267.509741
63.900000 2.003080 0.839657 -1234.929498 267.380733
63.950000 2.011055 0.618826 -1273.064495 235.227098
64.000000 1.993401 0.673453 -1244.185959 250.864782
64.050000 2.001168 0.602344 -1262.673161 238.203041
64.100000 1.985097 0.727877 -1234.413298 254.409577
64.150000 2.005901 0.692012 -1245.671312 258.754428
64.200000 1.993818 0.639754 -1259.102081 236.261273
64.250000 2.001155 0.611904 -1276.021119 224.845257
64.300000 1.999556 0.782935 -1240.624126 259.042647
64.350000 2.004208 0.595697 -1275.041129 228.114784
64.400000 1.989857 0.506107 -1288.264356 204.128574
64.450000 1.998728 0.654889 -1254.283040 244.763283
64.500000 2.000193 0.672018 -1247.108182 253.036622
64.550000 1.999597 0.524259 -1279.832158 219.865532
64.600000 2.000899 0.606503 -1264.426093 236.248160
64.650000 1.997850 0.682964 -1259.115061 239.272133
64.700000 2.002168 0.740747 -1251.120390 250.505802
64.750000 2.008408 0.565365 -1289.246313 217.059419
64.800000 1.999600 0.537228 -1292.926232 206.773694
64.850000 2.005459 0.452549 -1320.526266 183.567980
64.900000 1.996723 0.713221 -1263.360038 234.182173
64.950000 1.993153 0.725258 -1270.402989 224.461485
65.000000 2.006886 0.694843 -1272.573253 232.591495
65.050000 1.997176 0.587957 -1285.214469 212.667518
65.100000 2.008698 0.523678 -1292.473709 214.049707
65.150000 1.997461 0.517807 -1297.413454 200.682152
65.200000 1.998853 0.820536 -1230.428827 268.710729
65.250000 1.998828 0.590811 -1297.189647 201.931162
65.300000 1.993417 0.875276 -1237.218144 257.844615
65.350000 2.003866 0.793229 -1263.621885 239.277315
65.400000 2.002676 0.687228 -1293.147095 208.859580
65.450000 2.006429 0.940083 -1234.908167 269.913568
65.500000 1.992327 0.792939 -1269.210442 225.035175
65.550000 2.007902 0.695275 -1285.190460 220.736285
65.600000 1.997363 0.683457 -1281.419193 216.602922
65.650000 2.003861 0.727977 -1270.069054 232.826832
65.700000 1.997524 0.571868 -1306.918240 191.224773
65.750000 2.008195 0.735466 -1266.170857 239.975399
65.800000 2.005466 0.675128 -1271.306848 232.792539
65.850000 1.997612 0.515073 -1308.343130 189.865710
65.900000 1.988457 0.709645 -1271.060409 220.281988
65.950000 2.007199 0.732880 -1273.696679 231.702858
66.000000 1.998452 0.742164 -1259.618567 239.220557
66.050000 1.996219 0.776032 -1242.185276 254.978943
66.100000 1.995027 0.721262 -1241.347238 254.922699
66.150000 2.003996 0.619448 -1253.083790 249.913517
66.200000 2.004727 0.454757 -1278.726649 224.818276
66.250000 1.996222 0.571041 -1246.481572 250.684941
66.300000 2.003734 0.699574 -1224.800210 278.000090
66.350000 2.003651 0.683709 -1237.312716 265.425810
66.400000 2.007387 0.699484 -1240.537295 265.002760
66.450000 2.006510 0.731605 -1231.237906 273.644796
66.500000 1.992212 0.672856 -1251.462256 242.696664
66.550000 2.007426 0.716172 -1246.006188 259.563427
66.600000 1.993327 0.595511 -1277.820352 217.174622
66.650000 2.001086 0.608556 -1281.104469 219.709897
66.700000 1.998835 0.604276 -1283.660267 215.465610
66.750000 1.994424 0.706184 -1257.024238 238.793992
66.800000 2.003222 0.720176 -1248.196327 254.219899
66.850000 1.991347 0.579790 -1274.551696 218.958676
66.900000 2.003348 0.636836 -1256.635794 245.875552
66.950000 1.997249 0.692684 -1242.672267 255.264586
67.000000 1.994486 0.813335 -1211.120840 284.743742
67.050000 1.993840 0.657205 -1251.579220 243.800471
67.100000 2.006396 0.746507 -1234.069232 270.727424
67.150000 2.002915 0.781464 -1223.159303 279.026979
67.200000 2.006332 0.672195 -1246.895796 257.853265
67.250000 2.002353 0.677636 -1247.018260 254.746817
67.300000 2.001798 0.740660 -1238.723870 262.624706
67.350000 2.002050 0.758844 -1242.550398 258.987105
67.400000 2.007879 0.676851 -1266.557173 239.352449
67.450000 2.000733 0.562046 -1295.158162 205.391630
